<html>
<head>
<title>TestNG:  Default test</title>
<link href="../testng.css" rel="stylesheet" type="text/css" />
<link href="../my-testng.css" rel="stylesheet" type="text/css" />

<style type="text/css">
.log { display: none;} 
.stack-trace { display: none;} 
</style>
<script type="text/javascript">
<!--
function flip(e) {
  current = e.style.display;
  if (current == 'block') {
    e.style.display = 'none';
    return 0;
  }
  else {
    e.style.display = 'block';
    return 1;
  }
}

function toggleBox(szDivId, elem, msg1, msg2)
{
  var res = -1;  if (document.getElementById) {
    res = flip(document.getElementById(szDivId));
  }
  else if (document.all) {
    // this is the way old msie versions work
    res = flip(document.all[szDivId]);
  }
  if(elem) {
    if(res == 0) elem.innerHTML = msg1; else elem.innerHTML = msg2;
  }

}

function toggleAllBoxes() {
  if (document.getElementsByTagName) {
    d = document.getElementsByTagName('div');
    for (i = 0; i < d.length; i++) {
      if (d[i].className == 'log') {
        flip(d[i]);
      }
    }
  }
}

// -->
</script>

</head>
<body>
<h2 align='center'>Default test</h2><table border='1' align="center">
<tr>
<td>Tests passed/Failed/Skipped:</td><td>0/0/1</td>
</tr><tr>
<td>Started on:</td><td>Mon Oct 23 09:01:35 CST 2017</td>
</tr>
<tr><td>Total time:</td><td>0 seconds (120 ms)</td>
</tr><tr>
<td>Included groups:</td><td></td>
</tr><tr>
<td>Excluded groups:</td><td></td>
</tr>
</table><p/>
<small><i>(Hover the method name to see the test class name)</i></small><p/>
<table width='100%' border='1' class='invocation-failed'>
<tr><td colspan='4' align='center'><b>FAILED CONFIGURATIONS</b></td></tr>
<tr><td><b>Test method</b></td>
<td width="30%"><b>Exception</b></td>
<td width="10%"><b>Time (seconds)</b></td>
<td><b>Instance</b></td>
</tr>
<tr>
<td title='com.qin.dao.BoardDaoTest.unitilsBeforeClass()'><b>unitilsBeforeClass</b><br>Test class: com.qin.dao.BoardDaoTest</td>
<td><div><pre>org.unitils.core.UnitilsException: An exception occured during the loading of core module hibernate with module class name org.unitils.orm.hibernate.HibernateModule
	at org.unitils.core.ModulesLoader.createAndInitializeModules(ModulesLoader.java:154)
	at org.unitils.core.ModulesLoader.loadModules(ModulesLoader.java:121)
	at org.unitils.core.Unitils.createModulesRepository(Unitils.java:222)
	at org.unitils.core.Unitils.init(Unitils.java:118)
	at org.unitils.core.Unitils.init(Unitils.java:105)
	at org.unitils.core.Unitils.initSingletonInstance(Unitils.java:74)
	at org.unitils.core.Unitils.getInstance(Unitils.java:52)
	at org.unitils.UnitilsTestNG.getUnitils(UnitilsTestNG.java:162)
	at org.unitils.UnitilsTestNG.getTestListener(UnitilsTestNG.java:152)
	at org.unitils.UnitilsTestNG.unitilsBeforeClass(UnitilsTestNG.java:49)
	at sun.reflect.NativeMethodAccessorImpl.invoke0(Native Method)
	at sun.reflect.NativeMethodAccessorImpl.invoke(Unknown Source)
	at sun.reflect.DelegatingMethodAccessorImpl.invoke(Unknown Source)
	at java.lang.reflect.Method.invoke(Unknown Source)
	at org.testng.internal.MethodInvocationHelper.invokeMethod(MethodInvocationHelper.java:84)
	at org.testng.internal.Invoker.invokeConfigurationMethod(Invoker.java:564)
	at org.testng.internal.Invoker.invokeConfigurations(Invoker.java:213)
	at org.testng.internal.Invoker.invokeConfigurations(Invoker.java:138)
	at org.testng.internal.TestMethodWorker.invokeBeforeClassMethods(TestMethodWorker.java:175)
	at org.testng.internal.TestMethodWorker.run(TestMethodWorker.java:107)
	at org.testng.TestRunner.privateRun(TestRunner.java:767)
	at org.testng.TestRunner.run(TestRunner.java:617)
	at org.testng.SuiteRunner.runTest(SuiteRunner.java:334)
	at org.testng.SuiteRunner.runSequentially(SuiteRunner.java:329)
	at org.testng.SuiteRunner.privateRun(SuiteRunner.java:291)
	at org.testng.SuiteRunner.run(SuiteRunner.java:240)
	at org.testng.SuiteRunnerWorker.runSuite(SuiteRunnerWorker.java:52)
	at org.testng.SuiteRunnerWorker.run(SuiteRunnerWorker.java:86)
	at org.testng.TestNG.runSuitesSequentially(TestNG.java:1224)
	at org.testng.TestNG.runSuitesLocally(TestNG.java:1149)
	at org.testng.TestNG.run(TestNG.java:1057)
	at org.testng.remote.AbstractRemoteTestNG.run(AbstractRemoteTestNG.java:114)
	at org.testng.remote.RemoteTestNG.initAndRun(RemoteTestNG.java:251)
	at org.testng.remote.RemoteTestNG.main(RemoteTestNG.java:77)
Caused by: org.unitils.core.UnitilsException: Could not load class with name org.hibernate.cfg.AnnotationConfiguration
	at org.unitils.util.ReflectionUtils.getClassWithName(ReflectionUtils.java:612)
	at org.unitils.orm.hibernate.HibernateModule.init(HibernateModule.java:91)
	at org.unitils.core.ModulesLoader.createAndInitializeModules(ModulesLoader.java:151)
	... 33 more
Caused by: java.lang.ClassNotFoundException: org.hibernate.cfg.AnnotationConfiguration
	at java.net.URLClassLoader.findClass(Unknown Source)
	at java.lang.ClassLoader.loadClass(Unknown Source)
	at sun.misc.Launcher$AppClassLoader.loadClass(Unknown Source)
	at java.lang.ClassLoader.loadClass(Unknown Source)
	at java.lang.Class.forName0(Native Method)
	at java.lang.Class.forName(Unknown Source)
	at org.unitils.util.ReflectionUtils.getClassWithName(ReflectionUtils.java:609)
	... 35 more
</pre></div><a href='#' onClick='toggleBox("stack-trace611563982", this, "Click to show all stack frames", "Click to hide stack frames")'>Click to show all stack frames</a>
<div class='stack-trace' id='stack-trace611563982'><pre>org.unitils.core.UnitilsException: An exception occured during the loading of core module hibernate with module class name org.unitils.orm.hibernate.HibernateModule
	at org.unitils.core.ModulesLoader.createAndInitializeModules(ModulesLoader.java:154)
	at org.unitils.core.ModulesLoader.loadModules(ModulesLoader.java:121)
	at org.unitils.core.Unitils.createModulesRepository(Unitils.java:222)
	at org.unitils.core.Unitils.init(Unitils.java:118)
	at org.unitils.core.Unitils.init(Unitils.java:105)
	at org.unitils.core.Unitils.initSingletonInstance(Unitils.java:74)
	at org.unitils.core.Unitils.getInstance(Unitils.java:52)
	at org.unitils.UnitilsTestNG.getUnitils(UnitilsTestNG.java:162)
	at org.unitils.UnitilsTestNG.getTestListener(UnitilsTestNG.java:152)
	at org.unitils.UnitilsTestNG.unitilsBeforeClass(UnitilsTestNG.java:49)
	at sun.reflect.NativeMethodAccessorImpl.invoke0(Native Method)
	at sun.reflect.NativeMethodAccessorImpl.invoke(Unknown Source)
	at sun.reflect.DelegatingMethodAccessorImpl.invoke(Unknown Source)
	at java.lang.reflect.Method.invoke(Unknown Source)
	at org.testng.internal.MethodInvocationHelper.invokeMethod(MethodInvocationHelper.java:84)
	at org.testng.internal.Invoker.invokeConfigurationMethod(Invoker.java:564)
	at org.testng.internal.Invoker.invokeConfigurations(Invoker.java:213)
	at org.testng.internal.Invoker.invokeConfigurations(Invoker.java:138)
	at org.testng.internal.TestMethodWorker.invokeBeforeClassMethods(TestMethodWorker.java:175)
	at org.testng.internal.TestMethodWorker.run(TestMethodWorker.java:107)
	at org.testng.TestRunner.privateRun(TestRunner.java:767)
	at org.testng.TestRunner.run(TestRunner.java:617)
	at org.testng.SuiteRunner.runTest(SuiteRunner.java:334)
	at org.testng.SuiteRunner.runSequentially(SuiteRunner.java:329)
	at org.testng.SuiteRunner.privateRun(SuiteRunner.java:291)
	at org.testng.SuiteRunner.run(SuiteRunner.java:240)
	at org.testng.SuiteRunnerWorker.runSuite(SuiteRunnerWorker.java:52)
	at org.testng.SuiteRunnerWorker.run(SuiteRunnerWorker.java:86)
	at org.testng.TestNG.runSuitesSequentially(TestNG.java:1224)
	at org.testng.TestNG.runSuitesLocally(TestNG.java:1149)
	at org.testng.TestNG.run(TestNG.java:1057)
	at org.testng.remote.AbstractRemoteTestNG.run(AbstractRemoteTestNG.java:114)
	at org.testng.remote.RemoteTestNG.initAndRun(RemoteTestNG.java:251)
	at org.testng.remote.RemoteTestNG.main(RemoteTestNG.java:77)
Caused by: org.unitils.core.UnitilsException: Could not load class with name org.hibernate.cfg.AnnotationConfiguration
	at org.unitils.util.ReflectionUtils.getClassWithName(ReflectionUtils.java:612)
	at org.unitils.orm.hibernate.HibernateModule.init(HibernateModule.java:91)
	at org.unitils.core.ModulesLoader.createAndInitializeModules(ModulesLoader.java:151)
	... 33 more
Caused by: java.lang.ClassNotFoundException: org.hibernate.cfg.AnnotationConfiguration
	at java.net.URLClassLoader.findClass(Unknown Source)
	at java.lang.ClassLoader.loadClass(Unknown Source)
	at sun.misc.Launcher$AppClassLoader.loadClass(Unknown Source)
	at java.lang.ClassLoader.loadClass(Unknown Source)
	at java.lang.Class.forName0(Native Method)
	at java.lang.Class.forName(Unknown Source)
	at org.unitils.util.ReflectionUtils.getClassWithName(ReflectionUtils.java:609)
	... 35 more
</pre></div></td>
<td>0</td>
<td>com.qin.dao.BoardDaoTest@3d99d22e</td></tr>
</table><p>
<table width='100%' border='1' class='invocation-skipped'>
<tr><td colspan='4' align='center'><b>SKIPPED CONFIGURATIONS</b></td></tr>
<tr><td><b>Test method</b></td>
<td width="30%"><b>Exception</b></td>
<td width="10%"><b>Time (seconds)</b></td>
<td><b>Instance</b></td>
</tr>
<tr>
<td title='com.qin.dao.BoardDaoTest.unitilsBeforeTestSetUp()'><b>unitilsBeforeTestSetUp</b><br>Test class: com.qin.dao.BoardDaoTest</td>
<td></td>
<td>0</td>
<td>com.qin.dao.BoardDaoTest@3d99d22e</td></tr>
</table><p>
<table width='100%' border='1' class='invocation-skipped'>
<tr><td colspan='4' align='center'><b>SKIPPED TESTS</b></td></tr>
<tr><td><b>Test method</b></td>
<td width="30%"><b>Exception</b></td>
<td width="10%"><b>Time (seconds)</b></td>
<td><b>Instance</b></td>
</tr>
<tr>
<td title='com.qin.dao.BoardDaoTest.addBoard()'><b>addBoard</b><br>Test class: com.qin.dao.BoardDaoTest</td>
<td></td>
<td>0</td>
<td>com.qin.dao.BoardDaoTest@3d99d22e</td></tr>
</table><p>
</body>
</html>